
The following files have been resolved:
   org.springframework.boot:spring-boot-starter-logging:jar:2.0.3.RELEASE:compile
   org.springframework.boot:spring-boot-starter-mail:jar:2.0.3.RELEASE:compile
   org.springframework.boot:spring-boot-starter:jar:2.0.3.RELEASE:compile
   org.unbescape:unbescape:jar:1.1.5.RELEASE:compile
   org.apache.xmlgraphics:batik-util:jar:1.7:compile
   javax.validation:validation-api:jar:2.0.1.Final:compile
   org.thymeleaf.extras:thymeleaf-extras-java8time:jar:3.0.1.RELEASE:compile
   org.apache.xmlgraphics:batik-parser:jar:1.7:compile
   xml-apis:xml-apis:jar:1.4.01:compile
   xml-apis:xml-apis-ext:jar:1.3.04:compile
   org.springframework:spring-core:jar:5.0.7.RELEASE:compile
   com.fasterxml:classmate:jar:1.3.4:compile
   org.thymeleaf:thymeleaf:jar:3.0.9.RELEASE:compile
   org.attoparser:attoparser:jar:2.0.4.RELEASE:compile
   com.sun.mail:javax.mail:jar:1.6.1:compile
   org.apache.xmlgraphics:batik-svg-dom:jar:1.7:compile
   ch.qos.logback:logback-classic:jar:1.2.3:compile
   org.apache.logging.log4j:log4j-api:jar:2.10.0:compile
   javax.annotation:javax.annotation-api:jar:1.3.2:compile
   com.fasterxml.jackson.datatype:jackson-datatype-jsr310:jar:2.9.6:compile
   org.jboss.logging:jboss-logging:jar:3.3.2.Final:compile
   com.fasterxml.jackson.core:jackson-annotations:jar:2.9.0:compile
   org.springframework.boot:spring-boot-starter-web-services:jar:2.0.3.RELEASE:compile
   org.springframework.ws:spring-xml:jar:3.0.1.RELEASE:compile
   org.springframework.boot:spring-boot-starter-web:jar:2.0.3.RELEASE:compile
   org.apache.xmlgraphics:batik-dom:jar:1.7:compile
   org.springframework.boot:spring-boot-autoconfigure:jar:2.0.3.RELEASE:compile
   org.springframework:spring-context-support:jar:5.0.7.RELEASE:compile
   org.springframework:spring-oxm:jar:5.0.7.RELEASE:compile
   org.springframework:spring-context:jar:5.0.7.RELEASE:compile
   commons-io:commons-io:jar:2.5:compile
   org.springframework:spring-aop:jar:5.0.7.RELEASE:compile
   org.springframework.boot:spring-boot-starter-thymeleaf:jar:2.0.3.RELEASE:compile
   org.hibernate.validator:hibernate-validator:jar:6.0.10.Final:compile
   org.springframework:spring-jcl:jar:5.0.7.RELEASE:compile
   org.apache.xmlgraphics:batik-css:jar:1.7:compile
   org.apache.xmlgraphics:batik-awt-util:jar:1.7:compile
   org.springframework:spring-web:jar:5.0.7.RELEASE:compile
   org.apache.xmlgraphics:batik-xml:jar:1.7:compile
   org.yaml:snakeyaml:jar:1.19:runtime
   org.springframework.boot:spring-boot:jar:2.0.3.RELEASE:compile
   org.springframework:spring-beans:jar:5.0.7.RELEASE:compile
   javax.activation:activation:jar:1.1:compile
   ch.qos.logback:logback-core:jar:1.2.3:compile
   com.fasterxml.jackson.core:jackson-databind:jar:2.9.6:compile
   org.springframework.ws:spring-ws-core:jar:3.0.1.RELEASE:compile
   com.fasterxml.jackson.datatype:jackson-datatype-jdk8:jar:2.9.6:compile
   org.json:json:jar:20180130:compile
   org.springframework:spring-expression:jar:5.0.7.RELEASE:compile
   org.springframework.boot:spring-boot-starter-tomcat:jar:2.0.3.RELEASE:compile
   org.apache.tomcat.embed:tomcat-embed-websocket:jar:8.5.31:compile
   xalan:xalan:jar:2.6.0:compile
   com.fasterxml.jackson.core:jackson-core:jar:2.9.6:compile
   org.apache.tomcat.embed:tomcat-embed-core:jar:8.5.31:compile
   org.springframework.boot:spring-boot-devtools:jar:2.0.3.RELEASE:compile
   org.slf4j:slf4j-api:jar:1.7.25:compile
   com.fasterxml.jackson.module:jackson-module-parameter-names:jar:2.9.6:compile
   org.apache.tomcat.embed:tomcat-embed-el:jar:8.5.31:compile
   org.apache.xmlgraphics:batik-anim:jar:1.7:compile
   org.apache.xmlgraphics:batik-ext:jar:1.7:compile
   org.apache.logging.log4j:log4j-to-slf4j:jar:2.10.0:compile
   org.slf4j:jul-to-slf4j:jar:1.7.25:compile
   org.springframework.boot:spring-boot-starter-json:jar:2.0.3.RELEASE:compile
   org.thymeleaf:thymeleaf-spring5:jar:3.0.9.RELEASE:compile
   org.springframework:spring-webmvc:jar:5.0.7.RELEASE:compile

